[1m[33mNG02801: Angular detected that `HttpClient` is not configured to use `fetch` APIs. It's strongly recommended to enable `fetch` for applications that use Server-Side Rendering for better performance and compatibility. To enable `fetch`, add the `withFetch()` to the `provideHttpClient()` call at the root of the application.[39m[22m
[1m[31m(node:16624) [DEP0169] DeprecationWarning: `url.parse()` behavior is not standardized and prone to errors that have security implications. Use the WHATWG URL API instead. CVEs are not issued for `url.parse()` vulnerabilities.
(Use `node --trace-deprecation ...` to show where the warning was created)[39m[22m
[1m[31m[31mX [41;31m[[41;97mERROR[41;31m][0m [1mTS2307: Cannot find module './manga-store.service' or its corresponding type declarations.[0m [1m[35m[plugin angular-compiler][0m

    src/app/core/auth.guard.ts:4:34:
[37m      4 │ import { MangaStoreService } from [32m'./manga-store.service'[37m;
        ╵                                   [32m~~~~~~~~~~~~~~~~~~~~~~~[0m


[31mX [41;31m[[41;97mERROR[41;31m][0m [1mTS2339: Property 'isAuthenticated' does not exist on type 'unknown'.[0m [1m[35m[plugin angular-compiler][0m

    src/app/core/auth.guard.ts:10:15:
[37m      10 │   return store.[32misAuthenticated[37m() ? true : router.createUrlTree(['/...
         ╵                [32m~~~~~~~~~~~~~~~[0m


[31mX [41;31m[[41;97mERROR[41;31m][0m [1mTS2339: Property 'isAuthenticated' does not exist on type 'unknown'.[0m [1m[35m[plugin angular-compiler][0m

    src/app/core/auth.guard.ts:17:15:
[37m      17 │   return store.[32misAuthenticated[37m() ? router.createUrlTree(['/app']) ...
         ╵                [32m~~~~~~~~~~~~~~~[0m


[31mX [41;31m[[41;97mERROR[41;31m][0m [1mTS2307: Cannot find module '../../core/manga-store.service' or its corresponding type declarations.[0m [1m[35m[plugin angular-compiler][0m

    src/app/features/auth/login-page.component.ts:5:34:
[37m      5 │ import { MangaStoreService } from [32m'../../core/manga-store.service'[37m;
        ╵                                   [32m~~~~~~~~~~~~~~~~~~~~~~~~~~~~~~~~[0m


[31mX [41;31m[[41;97mERROR[41;31m][0m [1mTS2339: Property 'login' does not exist on type 'unknown'.[0m [1m[35m[plugin angular-compiler][0m

    src/app/features/auth/login-page.component.ts:372:32:
[37m      372 │     const loggedIn = this.store.[32mlogin[37m(this.userName, this.password);
          ╵                                 [32m~~~~~[0m


[31mX [41;31m[[41;97mERROR[41;31m][0m [1mTS2339: Property 'ensureCatalogLoaded' does not exist on type 'unknown'.[0m [1m[35m[plugin angular-compiler][0m

    src/app/features/auth/login-page.component.ts:380:15:
[37m      380 │     this.store.[32mensureCatalogLoaded[37m();
          ╵                [32m~~~~~~~~~~~~~~~~~~~[0m


[31mX [41;31m[[41;97mERROR[41;31m][0m [1mTS2339: Property 'register' does not exist on type 'unknown'.[0m [1m[35m[plugin angular-compiler][0m

    src/app/features/auth/login-page.component.ts:415:39:
[37m      415 │       const success = await this.store.[32mregister[37m(
          ╵                                        [32m~~~~~~~~[0m


[31mX [41;31m[[41;97mERROR[41;31m][0m [1mTS2339: Property 'ensureCatalogLoaded' does not exist on type 'unknown'.[0m [1m[35m[plugin angular-compiler][0m

    src/app/features/auth/login-page.component.ts:422:19:
[37m      422 │         this.store.[32mensureCatalogLoaded[37m();
          ╵                    [32m~~~~~~~~~~~~~~~~~~~[0m


[31mX [41;31m[[41;97mERROR[41;31m][0m [1mTS2307: Cannot find module '../../core/manga-store.service' or its corresponding type declarations.[0m [1m[35m[plugin angular-compiler][0m

    src/app/features/catalog/catalog-page.component.ts:15:34:
[37m      15 │ import { MangaStoreService } from [32m'../../core/manga-store.service'[37m;
         ╵                                   [32m~~~~~~~~~~~~~~~~~~~~~~~~~~~~~~~~[0m


[31mX [41;31m[[41;97mERROR[41;31m][0m [1mTS2339: Property 'currentPage' does not exist on type 'unknown'.[0m [1m[35m[plugin angular-compiler][0m

    src/app/features/catalog/catalog-page.component.ts:131:31:
[37m      131 │ ...         <strong>{{ store.[32mcurrentPage[37m() }} / {{ store.totalPag...
          ╵                              [32m~~~~~~~~~~~[0m


[31mX [41;31m[[41;97mERROR[41;31m][0m [1mTS2339: Property 'totalPages' does not exist on type 'unknown'.[0m [1m[35m[plugin angular-compiler][0m

    src/app/features/catalog/catalog-page.component.ts:131:59:
[37m      131 │ ...ong>{{ store.currentPage() }} / {{ store.[32mtotalPages[37m() }}</strong>
          ╵                                             [32m~~~~~~~~~~[0m


[31mX [41;31m[[41;97mERROR[41;31m][0m [1mTS2339: Property 'mangaLibrary' does not exist on type 'unknown'.[0m [1m[35m[plugin angular-compiler][0m

    src/app/features/catalog/catalog-page.component.ts:845:9:
[37m      845 │         .[32mmangaLibrary[37m()
          ╵          [32m~~~~~~~~~~~~[0m


[31mX [41;31m[[41;97mERROR[41;31m][0m [1mTS2339: Property 'genreOptions' does not exist on type 'unknown'.[0m [1m[35m[plugin angular-compiler][0m

    src/app/features/catalog/catalog-page.component.ts:853:36:
[37m      853 │ ...oadedGenres = this.store.[32mgenreOptions[37m().filter((item) => item ...
          ╵                             [32m~~~~~~~~~~~~[0m


[31mX [41;31m[[41;97mERROR[41;31m][0m [1mTS2339: Property 'genreOptions' does not exist on type 'unknown'.[0m [1m[35m[plugin angular-compiler][0m

    src/app/features/catalog/catalog-page.component.ts:864:30:
[37m      864 │ ...onst genres = this.store.[32mgenreOptions[37m().filter((item) => item ...
          ╵                             [32m~~~~~~~~~~~~[0m


[31mX [41;31m[[41;97mERROR[41;31m][0m [1mTS2339: Property 'mangaLibrary' does not exist on type 'unknown'.[0m [1m[35m[plugin angular-compiler][0m

    src/app/features/catalog/catalog-page.component.ts:877:32:
[37m      877 │     let result = [...this.store.[32mmangaLibrary[37m()];
          ╵                                 [32m~~~~~~~~~~~~[0m


[31mX [41;31m[[41;97mERROR[41;31m][0m [1mTS2339: Property 'mangaLibrary' does not exist on type 'unknown'.[0m [1m[35m[plugin angular-compiler][0m

    src/app/features/catalog/catalog-page.component.ts:927:26:
[37m      927 │     return [...this.store.[32mmangaLibrary[37m()]
          ╵                           [32m~~~~~~~~~~~~[0m


[31mX [41;31m[[41;97mERROR[41;31m][0m [1mTS2339: Property 'pageSize' does not exist on type 'unknown'.[0m [1m[35m[plugin angular-compiler][0m

    src/app/features/catalog/catalog-page.component.ts:940:74:
[37m      940 │ ...geTarget = Math.ceil(INITIAL_LOAD_COUNT / this.store.[32mpageSize[37m());
          ╵                                                         [32m~~~~~~~~[0m


[31mX [41;31m[[41;97mERROR[41;31m][0m [1mTS2339: Property 'loadedOnce' does not exist on type 'unknown'.[0m [1m[35m[plugin angular-compiler][0m

    src/app/features/catalog/catalog-page.component.ts:941:22:
[37m      941 │       if (!this.store.[32mloadedOnce[37m() || this.store.currentPage() < ...
          ╵                       [32m~~~~~~~~~~[0m


[31mX [41;31m[[41;97mERROR[41;31m][0m [1mTS2339: Property 'currentPage' does not exist on type 'unknown'.[0m [1m[35m[plugin angular-compiler][0m

    src/app/features/catalog/catalog-page.component.ts:941:49:
[37m      941 │ ...e.loadedOnce() || this.store.[32mcurrentPage[37m() < initialPageTarget) {
          ╵                                 [32m~~~~~~~~~~~[0m


[31mX [41;31m[[41;97mERROR[41;31m][0m [1mTS2339: Property 'loadCatalogPages' does not exist on type 'unknown'.[0m [1m[35m[plugin angular-compiler][0m

    src/app/features/catalog/catalog-page.component.ts:942:19:
[37m      942 │         this.store.[32mloadCatalogPages[37m('All Genres', initialPageTarg...
          ╵                    [32m~~~~~~~~~~~~~~~~[0m


[31mX [41;31m[[41;97mERROR[41;31m][0m [1mTS2339: Property 'pageSize' does not exist on type 'unknown'.[0m [1m[35m[plugin angular-compiler][0m

    src/app/features/catalog/catalog-page.component.ts:966:72:
[37m      966 │ ...geTarget = Math.ceil(INITIAL_LOAD_COUNT / this.store.[32mpageSize[37m());
          ╵                                                         [32m~~~~~~~~[0m


[31mX [41;31m[[41;97mERROR[41;31m][0m [1mTS2339: Property 'loadCatalogPages' does not exist on type 'unknown'.[0m [1m[35m[plugin angular-compiler][0m

    src/app/features/catalog/catalog-page.component.ts:967:15:
[37m      967 │     this.store.[32mloadCatalogPages[37m(nextGenre, initialPageTarget, { r...
          ╵                [32m~~~~~~~~~~~~~~~~[0m


[31mX [41;31m[[41;97mERROR[41;31m][0m [1mTS2339: Property 'isLoading' does not exist on type 'unknown'.[0m [1m[35m[plugin angular-compiler][0m

    src/app/features/catalog/catalog-page.component.ts:1051:19:
[37m      1051 │     if (this.store.[32misLoading[37m() || !this.store.hasMoreCatalogPage...
           ╵                    [32m~~~~~~~~~[0m


[31mX [41;31m[[41;97mERROR[41;31m][0m [1mTS2339: Property 'hasMoreCatalogPages' does not exist on type 'unknown'.[0m [1m[35m[plugin angular-compiler][0m

    src/app/features/catalog/catalog-page.component.ts:1051:46:
[37m      1051 │ ... (this.store.isLoading() || !this.store.[32mhasMoreCatalogPages[37m()) {
           ╵                                            [32m~~~~~~~~~~~~~~~~~~~[0m


[31mX [41;31m[[41;97mERROR[41;31m][0m [1mTS2339: Property 'loadCatalogPages' does not exist on type 'unknown'.[0m [1m[35m[plugin angular-compiler][0m

    src/app/features/catalog/catalog-page.component.ts:1062:15:
[37m      1062 │     this.store.[32mloadCatalogPages[37m(this.selectedGenre(), this.store...
           ╵                [32m~~~~~~~~~~~~~~~~[0m


[31mX [41;31m[[41;97mERROR[41;31m][0m [1mTS2339: Property 'currentPage' does not exist on type 'unknown'.[0m [1m[35m[plugin angular-compiler][0m

    src/app/features/catalog/catalog-page.component.ts:1062:65:
[37m      1062 │ ...atalogPages(this.selectedGenre(), this.store.[32mcurrentPage[37m() + 1);
           ╵                                                 [32m~~~~~~~~~~~[0m


[31mX [41;31m[[41;97mERROR[41;31m][0m [1mTS2322: Type 'unknown[]' is not assignable to type 'string[]'.
  Type 'unknown' is not assignable to type 'string'.[0m [1m[35m[plugin angular-compiler][0m

    src/app/features/catalog/catalog-page.component.ts:1074:4:
[37m      1074 │     [32mreturn[37m [
           ╵     [32m~~~~~~[0m


[31mX [41;31m[[41;97mERROR[41;31m][0m [1mTS2339: Property 'mangaLibrary' does not exist on type 'unknown'.[0m [1m[35m[plugin angular-compiler][0m

    src/app/features/catalog/catalog-page.component.ts:1077:11:
[37m      1077 │           .[32mmangaLibrary[37m()
           ╵            [32m~~~~~~~~~~~~[0m


[31mX [41;31m[[41;97mERROR[41;31m][0m [1mTS2339: Property 'localeCompare' does not exist on type 'unknown'.[0m [1m[35m[plugin angular-compiler][0m

    src/app/features/catalog/catalog-page.component.ts:1081:33:
[37m      1081 │     ].sort((left, right) => left.[32mlocaleCompare[37m(right));
           ╵                                  [32m~~~~~~~~~~~~~[0m


[31mX [41;31m[[41;97mERROR[41;31m][0m [1mTS2307: Cannot find module '../../core/manga-store.service' or its corresponding type declarations.[0m [1m[35m[plugin angular-compiler][0m

    src/app/features/dashboard/dashboard-page.component.ts:5:34:
[37m      5 │ import { MangaStoreService } from [32m'../../core/manga-store.service'[37m;
        ╵                                   [32m~~~~~~~~~~~~~~~~~~~~~~~~~~~~~~~~[0m


[31mX [41;31m[[41;97mERROR[41;31m][0m [1mTS2339: Property 'popularNow' does not exist on type 'unknown'.[0m [1m[35m[plugin angular-compiler][0m

    src/app/features/dashboard/dashboard-page.component.ts:592:53:
[37m      592 │ ...computed(() => this.store.[32mpopularNow[37m() ?? this.store.lastManga...
          ╵                              [32m~~~~~~~~~~[0m


[31mX [41;31m[[41;97mERROR[41;31m][0m [1mTS2339: Property 'lastManga' does not exist on type 'unknown'.[0m [1m[35m[plugin angular-compiler][0m

    src/app/features/dashboard/dashboard-page.component.ts:592:80:
[37m      592 │ ...omputed(() => this.store.popularNow() ?? this.store.[32mlastManga[37m());
          ╵                                                        [32m~~~~~~~~~[0m


[31mX [41;31m[[41;97mERROR[41;31m][0m [1mTS2339: Property 'mangaLibrary' does not exist on type 'unknown'.[0m [1m[35m[plugin angular-compiler][0m

    src/app/features/dashboard/dashboard-page.component.ts:593:54:
[37m      593 │ ...ghtShelf = computed(() => this.store.[32mmangaLibrary[37m().slice(0, 9));
          ╵                                         [32m~~~~~~~~~~~~[0m


[31mX [41;31m[[41;97mERROR[41;31m][0m [1mTS2339: Property 'mangaLibrary' does not exist on type 'unknown'.[0m [1m[35m[plugin angular-compiler][0m

    src/app/features/dashboard/dashboard-page.component.ts:595:19:
[37m      595 │     [...this.store.[32mmangaLibrary[37m()]
          ╵                    [32m~~~~~~~~~~~~[0m


[31mX [41;31m[[41;97mERROR[41;31m][0m [1mTS2339: Property 'mangaLibrary' does not exist on type 'unknown'.[0m [1m[35m[plugin angular-compiler][0m

    src/app/features/dashboard/dashboard-page.component.ts:600:19:
[37m      600 │     [...this.store.[32mmangaLibrary[37m()].sort((left, right) => right.po...
          ╵                    [32m~~~~~~~~~~~~[0m


[31mX [41;31m[[41;97mERROR[41;31m][0m [1mTS2339: Property 'mangaLibrary' does not exist on type 'unknown'.[0m [1m[35m[plugin angular-compiler][0m

    src/app/features/dashboard/dashboard-page.component.ts:603:19:
[37m      603 │     [...this.store.[32mmangaLibrary[37m()]
          ╵                    [32m~~~~~~~~~~~~[0m


[31mX [41;31m[[41;97mERROR[41;31m][0m [1mTS2339: Property 'mangaLibrary' does not exist on type 'unknown'.[0m [1m[35m[plugin angular-compiler][0m

    src/app/features/dashboard/dashboard-page.component.ts:608:19:
[37m      608 │     [...this.store.[32mmangaLibrary[37m()].sort((left, right) => right.po...
          ╵                    [32m~~~~~~~~~~~~[0m


[31mX [41;31m[[41;97mERROR[41;31m][0m [1mTS2339: Property 'recommendations' does not exist on type 'unknown'.[0m [1m[35m[plugin angular-compiler][0m

    src/app/features/dashboard/dashboard-page.component.ts:610:55:
[37m      610 │ ...y recommendations = computed(() => this.store.[32mrecommendations[37m());
          ╵                                                  [32m~~~~~~~~~~~~~~~[0m


[31mX [41;31m[[41;97mERROR[41;31m][0m [1mTS2339: Property 'mangaLibrary' does not exist on type 'unknown'.[0m [1m[35m[plugin angular-compiler][0m

    src/app/features/dashboard/dashboard-page.component.ts:614:34:
[37m      614 │     for (const item of this.store.[32mmangaLibrary[37m()) {
          ╵                                   [32m~~~~~~~~~~~~[0m


[31mX [41;31m[[41;97mERROR[41;31m][0m [1mTS2307: Cannot find module '../../core/manga-store.service' or its corresponding type declarations.[0m [1m[35m[plugin angular-compiler][0m

    src/app/features/manga-detail/manga-detail-page.component.ts:5:34:
[37m      5 │ import { MangaStoreService } from [32m'../../core/manga-store.service'[37m;
        ╵                                   [32m~~~~~~~~~~~~~~~~~~~~~~~~~~~~~~~~[0m


[31mX [41;31m[[41;97mERROR[41;31m][0m [1mTS2339: Property 'getMangaById' does not exist on type 'unknown'.[0m [1m[35m[plugin angular-compiler][0m

    src/app/features/manga-detail/manga-detail-page.component.ts:377:45:
[37m      377 │ ...ly manga = computed(() => this.store.[32mgetMangaById[37m(this.mangaId));
          ╵                                         [32m~~~~~~~~~~~~[0m


[31mX [41;31m[[41;97mERROR[41;31m][0m [1mTS2339: Property 'getMangaDetail' does not exist on type 'unknown'.[0m [1m[35m[plugin angular-compiler][0m

    src/app/features/manga-detail/manga-detail-page.component.ts:378:46:
[37m      378 │ ...detail = computed(() => this.store.[32mgetMangaDetail[37m(this.mangaId));
          ╵                                       [32m~~~~~~~~~~~~~~[0m


[31mX [41;31m[[41;97mERROR[41;31m][0m [1mTS2339: Property 'ensureMangaDetail' does not exist on type 'unknown'.[0m [1m[35m[plugin angular-compiler][0m

    src/app/features/manga-detail/manga-detail-page.component.ts:382:15:
[37m      382 │     this.store.[32mensureMangaDetail[37m(this.mangaId);
          ╵                [32m~~~~~~~~~~~~~~~~~[0m


[31mX [41;31m[[41;97mERROR[41;31m][0m [1mTS2339: Property 'toggleFavorite' does not exist on type 'unknown'.[0m [1m[35m[plugin angular-compiler][0m

    src/app/features/manga-detail/manga-detail-page.component.ts:435:31:
[37m      435 │     const updated = this.store.[32mtoggleFavorite[37m(this.mangaId);
          ╵                                [32m~~~~~~~~~~~~~~[0m


[31mX [41;31m[[41;97mERROR[41;31m][0m [1mTS2339: Property 'setUserRating' does not exist on type 'unknown'.[0m [1m[35m[plugin angular-compiler][0m

    src/app/features/manga-detail/manga-detail-page.component.ts:440:31:
[37m      440 │     const updated = this.store.[32msetUserRating[37m(this.mangaId, value);
          ╵                                [32m~~~~~~~~~~~~~[0m


[31mX [41;31m[[41;97mERROR[41;31m][0m [1mTS2307: Cannot find module '../../core/manga-store.service' or its corresponding type declarations.[0m [1m[35m[plugin angular-compiler][0m

    src/app/features/profile/profile-page.component.ts:5:34:
[37m      5 │ import { MangaStoreService } from [32m'../../core/manga-store.service'[37m;
        ╵                                   [32m~~~~~~~~~~~~~~~~~~~~~~~~~~~~~~~~[0m


[31mX [41;31m[[41;97mERROR[41;31m][0m [1mTS2339: Property 'userName' does not exist on type 'unknown'.[0m [1m[35m[plugin angular-compiler][0m

    src/app/features/profile/profile-page.component.ts:19:25:
[37m      19 │             <h1>{{ store.[32muserName[37m() }}</h1>
         ╵                          [32m~~~~~~~~[0m


[31mX [41;31m[[41;97mERROR[41;31m][0m [1mTS2339: Property 'mangaLibrary' does not exist on type 'unknown'.[0m [1m[35m[plugin angular-compiler][0m

    src/app/features/profile/profile-page.component.ts:29:29:
[37m      29 │             <strong>{{ store.[32mmangaLibrary[37m().length }}</strong>
         ╵                              [32m~~~~~~~~~~~~[0m


[31mX [41;31m[[41;97mERROR[41;31m][0m [1mTS2339: Property 'byStatus' does not exist on type 'unknown'.[0m [1m[35m[plugin angular-compiler][0m

    src/app/features/profile/profile-page.component.ts:33:29:
[37m      33 │             <strong>{{ store.[32mbyStatus[37m('Reading').length }}</strong>
         ╵                              [32m~~~~~~~~[0m


[31mX [41;31m[[41;97mERROR[41;31m][0m [1mTS2339: Property 'byStatus' does not exist on type 'unknown'.[0m [1m[35m[plugin angular-compiler][0m

    src/app/features/profile/profile-page.component.ts:37:29:
[37m      37 │             <strong>{{ store.[32mbyStatus[37m('Completed').length }}</strong>
         ╵                              [32m~~~~~~~~[0m


[31mX [41;31m[[41;97mERROR[41;31m][0m [1mTS2339: Property 'favorites' does not exist on type 'unknown'.[0m [1m[35m[plugin angular-compiler][0m

    src/app/features/profile/profile-page.component.ts:41:29:
[37m      41 │             <strong>{{ store.[32mfavorites[37m().length }}</strong>
         ╵                              [32m~~~~~~~~~[0m


[31mX [41;31m[[41;97mERROR[41;31m][0m [1mTS2339: Property 'friends' does not exist on type 'unknown'.[0m [1m[35m[plugin angular-compiler][0m

    src/app/features/profile/profile-page.component.ts:119:36:
[37m      119 │               @for (friend of store.[32mfriends[37m(); track friend.id) {
          ╵                                     [32m~~~~~~~[0m


[31mX [41;31m[[41;97mERROR[41;31m][0m [1mTS2339: Property 'lastManga' does not exist on type 'unknown'.[0m [1m[35m[plugin angular-compiler][0m

    src/app/features/profile/profile-page.component.ts:140:23:
[37m      140 │             @if (store.[32mlastManga[37m(); as activeManga) {
          ╵                        [32m~~~~~~~~~[0m


[31mX [41;31m[[41;97mERROR[41;31m][0m [1mTS2339: Property 'lastManga' does not exist on type 'unknown'.[0m [1m[35m[plugin angular-compiler][0m

    src/app/features/profile/profile-page.component.ts:140:23:
[37m      140 │             @if (store.[32mlastManga[37m(); as activeManga) {
          ╵                        [32m~~~~~~~~~[0m


[31mX [41;31m[[41;97mERROR[41;31m][0m [1mTS2339: Property 'byStatus' does not exist on type 'unknown'.[0m [1m[35m[plugin angular-compiler][0m

    src/app/features/profile/profile-page.component.ts:418:53:
[37m      418 │ ...nga = computed(() => this.store.[32mbyStatus[37m(this.selectedStatus()));
          ╵                                    [32m~~~~~~~~[0m


[31mX [41;31m[[41;97mERROR[41;31m][0m [1mTS2339: Property 'favorites' does not exist on type 'unknown'.[0m [1m[35m[plugin angular-compiler][0m

    src/app/features/profile/profile-page.component.ts:420:53:
[37m      420 │ ...voriteShelf = computed(() => this.store.[32mfavorites[37m().slice(0, 4));
          ╵                                            [32m~~~~~~~~~[0m


[31mX [41;31m[[41;97mERROR[41;31m][0m [1mTS2339: Property 'userName' does not exist on type 'unknown'.[0m [1m[35m[plugin angular-compiler][0m

    src/app/features/profile/profile-page.component.ts:428:7:
[37m      428 │       .[32muserName[37m()
          ╵        [32m~~~~~~~~[0m


[31mX [41;31m[[41;97mERROR[41;31m][0m [1mTS2307: Cannot find module '../../core/manga-store.service' or its corresponding type declarations.[0m [1m[35m[plugin angular-compiler][0m

    src/app/features/shell/shell.component.ts:4:34:
[37m      4 │ import { MangaStoreService } from [32m'../../core/manga-store.service'[37m;
        ╵                                   [32m~~~~~~~~~~~~~~~~~~~~~~~~~~~~~~~~[0m


[31mX [41;31m[[41;97mERROR[41;31m][0m [1mTS2339: Property 'isAuthenticated' does not exist on type 'unknown'.[0m [1m[35m[plugin angular-compiler][0m

    src/app/features/shell/shell.component.ts:37:21:
[37m      37 │           @if (store.[32misAuthenticated[37m()) {
         ╵                      [32m~~~~~~~~~~~~~~~[0m


[31mX [41;31m[[41;97mERROR[41;31m][0m [1mTS2339: Property 'isLoading' does not exist on type 'unknown'.[0m [1m[35m[plugin angular-compiler][0m

    src/app/features/shell/shell.component.ts:46:17:
[37m      46 │       @if (store.[32misLoading[37m()) {
         ╵                  [32m~~~~~~~~~[0m


[31mX [41;31m[[41;97mERROR[41;31m][0m [1mTS2339: Property 'errorMessage' does not exist on type 'unknown'.[0m [1m[35m[plugin angular-compiler][0m

    src/app/features/shell/shell.component.ts:50:17:
[37m      50 │       @if (store.[32merrorMessage[37m()) {
         ╵                  [32m~~~~~~~~~~~~[0m


[31mX [41;31m[[41;97mERROR[41;31m][0m [1mTS2339: Property 'ensureCatalogLoaded' does not exist on type 'unknown'.[0m [1m[35m[plugin angular-compiler][0m

    src/app/features/shell/shell.component.ts:308:15:
[37m      308 │     this.store.[32mensureCatalogLoaded[37m();
          ╵                [32m~~~~~~~~~~~~~~~~~~~[0m


[31mX [41;31m[[41;97mERROR[41;31m][0m [1mTS2339: Property 'logout' does not exist on type 'unknown'.[0m [1m[35m[plugin angular-compiler][0m

    src/app/features/shell/shell.component.ts:323:15:
[37m      323 │     this.store.[32mlogout[37m();
          ╵                [32m~~~~~~[0m


[31mX [41;31m[[41;97mERROR[41;31m][0m [1mCould not resolve "./manga-store.service"[0m

    src/app/core/auth.guard.ts:3:34:
[37m      3 │ import { MangaStoreService } from [32m'./manga-store.service'[37m;
        ╵                                   [32m~~~~~~~~~~~~~~~~~~~~~~~[0m


[31mX [41;31m[[41;97mERROR[41;31m][0m [1mCould not resolve "../../core/manga-store.service"[0m

    src/app/features/auth/login-page.component.ts:4:34:
[37m      4 │ import { MangaStoreService } from [32m'../../core/manga-store.service'[37m;
        ╵                                   [32m~~~~~~~~~~~~~~~~~~~~~~~~~~~~~~~~[0m


[31mX [41;31m[[41;97mERROR[41;31m][0m [1mCould not resolve "../../core/manga-store.service"[0m

    src/app/features/catalog/catalog-page.component.ts:4:34:
[37m      4 │ import { MangaStoreService } from [32m'../../core/manga-store.service'[37m;
        ╵                                   [32m~~~~~~~~~~~~~~~~~~~~~~~~~~~~~~~~[0m


[31mX [41;31m[[41;97mERROR[41;31m][0m [1mCould not resolve "../../core/manga-store.service"[0m

    src/app/features/dashboard/dashboard-page.component.ts:3:34:
[37m      3 │ import { MangaStoreService } from [32m'../../core/manga-store.service'[37m;
        ╵                                   [32m~~~~~~~~~~~~~~~~~~~~~~~~~~~~~~~~[0m


[31mX [41;31m[[41;97mERROR[41;31m][0m [1mCould not resolve "../../core/manga-store.service"[0m

    src/app/features/manga-detail/manga-detail-page.component.ts:3:34:
[37m      3 │ import { MangaStoreService } from [32m'../../core/manga-store.service'[37m;
        ╵                                   [32m~~~~~~~~~~~~~~~~~~~~~~~~~~~~~~~~[0m


[31mX [41;31m[[41;97mERROR[41;31m][0m [1mCould not resolve "../../core/manga-store.service"[0m

    src/app/features/profile/profile-page.component.ts:3:34:
[37m      3 │ import { MangaStoreService } from [32m'../../core/manga-store.service'[37m;
        ╵                                   [32m~~~~~~~~~~~~~~~~~~~~~~~~~~~~~~~~[0m


[31mX [41;31m[[41;97mERROR[41;31m][0m [1mCould not resolve "../../core/manga-store.service"[0m

    src/app/features/shell/shell.component.ts:3:34:
[37m      3 │ import { MangaStoreService } from [32m'../../core/manga-store.service'[37m;
        ╵                                   [32m~~~~~~~~~~~~~~~~~~~~~~~~~~~~~~~~[0m


[31mX [41;31m[[41;97mERROR[41;31m][0m [1mCould not resolve "./manga-store.service"[0m

    src/app/core/auth.guard.ts:3:34:
[37m      3 │ import { MangaStoreService } from [32m'./manga-store.service'[37m;
        ╵                                   [32m~~~~~~~~~~~~~~~~~~~~~~~[0m


[31mX [41;31m[[41;97mERROR[41;31m][0m [1mCould not resolve "../../core/manga-store.service"[0m

    src/app/features/auth/login-page.component.ts:4:34:
[37m      4 │ import { MangaStoreService } from [32m'../../core/manga-store.service'[37m;
        ╵                                   [32m~~~~~~~~~~~~~~~~~~~~~~~~~~~~~~~~[0m


[31mX [41;31m[[41;97mERROR[41;31m][0m [1mCould not resolve "../../core/manga-store.service"[0m

    src/app/features/catalog/catalog-page.component.ts:4:34:
[37m      4 │ import { MangaStoreService } from [32m'../../core/manga-store.service'[37m;
        ╵                                   [32m~~~~~~~~~~~~~~~~~~~~~~~~~~~~~~~~[0m


[31mX [41;31m[[41;97mERROR[41;31m][0m [1mCould not resolve "../../core/manga-store.service"[0m

    src/app/features/dashboard/dashboard-page.component.ts:3:34:
[37m      3 │ import { MangaStoreService } from [32m'../../core/manga-store.service'[37m;
        ╵                                   [32m~~~~~~~~~~~~~~~~~~~~~~~~~~~~~~~~[0m


[31mX [41;31m[[41;97mERROR[41;31m][0m [1mCould not resolve "../../core/manga-store.service"[0m

    src/app/features/manga-detail/manga-detail-page.component.ts:3:34:
[37m      3 │ import { MangaStoreService } from [32m'../../core/manga-store.service'[37m;
        ╵                                   [32m~~~~~~~~~~~~~~~~~~~~~~~~~~~~~~~~[0m


[31mX [41;31m[[41;97mERROR[41;31m][0m [1mCould not resolve "../../core/manga-store.service"[0m

    src/app/features/profile/profile-page.component.ts:3:34:
[37m      3 │ import { MangaStoreService } from [32m'../../core/manga-store.service'[37m;
        ╵                                   [32m~~~~~~~~~~~~~~~~~~~~~~~~~~~~~~~~[0m


[31mX [41;31m[[41;97mERROR[41;31m][0m [1mCould not resolve "../../core/manga-store.service"[0m

    src/app/features/shell/shell.component.ts:3:34:
[37m      3 │ import { MangaStoreService } from [32m'../../core/manga-store.service'[37m;
        ╵                                   [32m~~~~~~~~~~~~~~~~~~~~~~~~~~~~~~~~[0m

[39m[22m
[1m[31m[31mX [41;31m[[41;97mERROR[41;31m][0m [1mTS2307: Cannot find module './manga-store.service' or its corresponding type declarations.[0m [1m[35m[plugin angular-compiler][0m

    src/app/core/auth.guard.ts:4:34:
[37m      4 │ import { MangaStoreService } from [32m'./manga-store.service'[37m;
        ╵                                   [32m~~~~~~~~~~~~~~~~~~~~~~~[0m


[31mX [41;31m[[41;97mERROR[41;31m][0m [1mTS2339: Property 'isAuthenticated' does not exist on type 'unknown'.[0m [1m[35m[plugin angular-compiler][0m

    src/app/core/auth.guard.ts:10:15:
[37m      10 │   return store.[32misAuthenticated[37m() ? true : router.createUrlTree(['/...
         ╵                [32m~~~~~~~~~~~~~~~[0m


[31mX [41;31m[[41;97mERROR[41;31m][0m [1mTS2339: Property 'isAuthenticated' does not exist on type 'unknown'.[0m [1m[35m[plugin angular-compiler][0m

    src/app/core/auth.guard.ts:17:15:
[37m      17 │   return store.[32misAuthenticated[37m() ? router.createUrlTree(['/app']) ...
         ╵                [32m~~~~~~~~~~~~~~~[0m


[31mX [41;31m[[41;97mERROR[41;31m][0m [1mTS2307: Cannot find module '../../core/manga-store.service' or its corresponding type declarations.[0m [1m[35m[plugin angular-compiler][0m

    src/app/features/auth/login-page.component.ts:5:34:
[37m      5 │ import { MangaStoreService } from [32m'../../core/manga-store.service'[37m;
        ╵                                   [32m~~~~~~~~~~~~~~~~~~~~~~~~~~~~~~~~[0m


[31mX [41;31m[[41;97mERROR[41;31m][0m [1mTS2339: Property 'login' does not exist on type 'unknown'.[0m [1m[35m[plugin angular-compiler][0m

    src/app/features/auth/login-page.component.ts:372:32:
[37m      372 │     const loggedIn = this.store.[32mlogin[37m(this.userName, this.password);
          ╵                                 [32m~~~~~[0m


[31mX [41;31m[[41;97mERROR[41;31m][0m [1mTS2339: Property 'ensureCatalogLoaded' does not exist on type 'unknown'.[0m [1m[35m[plugin angular-compiler][0m

    src/app/features/auth/login-page.component.ts:380:15:
[37m      380 │     this.store.[32mensureCatalogLoaded[37m();
          ╵                [32m~~~~~~~~~~~~~~~~~~~[0m


[31mX [41;31m[[41;97mERROR[41;31m][0m [1mTS2339: Property 'register' does not exist on type 'unknown'.[0m [1m[35m[plugin angular-compiler][0m

    src/app/features/auth/login-page.component.ts:415:39:
[37m      415 │       const success = await this.store.[32mregister[37m(
          ╵                                        [32m~~~~~~~~[0m


[31mX [41;31m[[41;97mERROR[41;31m][0m [1mTS2339: Property 'ensureCatalogLoaded' does not exist on type 'unknown'.[0m [1m[35m[plugin angular-compiler][0m

    src/app/features/auth/login-page.component.ts:422:19:
[37m      422 │         this.store.[32mensureCatalogLoaded[37m();
          ╵                    [32m~~~~~~~~~~~~~~~~~~~[0m


[31mX [41;31m[[41;97mERROR[41;31m][0m [1mTS2307: Cannot find module '../../core/manga-store.service' or its corresponding type declarations.[0m [1m[35m[plugin angular-compiler][0m

    src/app/features/catalog/catalog-page.component.ts:15:34:
[37m      15 │ import { MangaStoreService } from [32m'../../core/manga-store.service'[37m;
         ╵                                   [32m~~~~~~~~~~~~~~~~~~~~~~~~~~~~~~~~[0m


[31mX [41;31m[[41;97mERROR[41;31m][0m [1mTS2339: Property 'currentPage' does not exist on type 'unknown'.[0m [1m[35m[plugin angular-compiler][0m

    src/app/features/catalog/catalog-page.component.ts:131:31:
[37m      131 │ ...         <strong>{{ store.[32mcurrentPage[37m() }} / {{ store.totalPag...
          ╵                              [32m~~~~~~~~~~~[0m


[31mX [41;31m[[41;97mERROR[41;31m][0m [1mTS2339: Property 'totalPages' does not exist on type 'unknown'.[0m [1m[35m[plugin angular-compiler][0m

    src/app/features/catalog/catalog-page.component.ts:131:59:
[37m      131 │ ...ong>{{ store.currentPage() }} / {{ store.[32mtotalPages[37m() }}</strong>
          ╵                                             [32m~~~~~~~~~~[0m


[31mX [41;31m[[41;97mERROR[41;31m][0m [1mTS2339: Property 'mangaLibrary' does not exist on type 'unknown'.[0m [1m[35m[plugin angular-compiler][0m

    src/app/features/catalog/catalog-page.component.ts:845:9:
[37m      845 │         .[32mmangaLibrary[37m()
          ╵          [32m~~~~~~~~~~~~[0m


[31mX [41;31m[[41;97mERROR[41;31m][0m [1mTS2339: Property 'genreOptions' does not exist on type 'unknown'.[0m [1m[35m[plugin angular-compiler][0m

    src/app/features/catalog/catalog-page.component.ts:853:36:
[37m      853 │ ...oadedGenres = this.store.[32mgenreOptions[37m().filter((item) => item ...
          ╵                             [32m~~~~~~~~~~~~[0m


[31mX [41;31m[[41;97mERROR[41;31m][0m [1mTS2339: Property 'genreOptions' does not exist on type 'unknown'.[0m [1m[35m[plugin angular-compiler][0m

    src/app/features/catalog/catalog-page.component.ts:864:30:
[37m      864 │ ...onst genres = this.store.[32mgenreOptions[37m().filter((item) => item ...
          ╵                             [32m~~~~~~~~~~~~[0m


[31mX [41;31m[[41;97mERROR[41;31m][0m [1mTS2339: Property 'mangaLibrary' does not exist on type 'unknown'.[0m [1m[35m[plugin angular-compiler][0m

    src/app/features/catalog/catalog-page.component.ts:877:32:
[37m      877 │     let result = [...this.store.[32mmangaLibrary[37m()];
          ╵                                 [32m~~~~~~~~~~~~[0m


[31mX [41;31m[[41;97mERROR[41;31m][0m [1mTS2339: Property 'mangaLibrary' does not exist on type 'unknown'.[0m [1m[35m[plugin angular-compiler][0m

    src/app/features/catalog/catalog-page.component.ts:927:26:
[37m      927 │     return [...this.store.[32mmangaLibrary[37m()]
          ╵                           [32m~~~~~~~~~~~~[0m


[31mX [41;31m[[41;97mERROR[41;31m][0m [1mTS2339: Property 'pageSize' does not exist on type 'unknown'.[0m [1m[35m[plugin angular-compiler][0m

    src/app/features/catalog/catalog-page.component.ts:940:74:
[37m      940 │ ...geTarget = Math.ceil(INITIAL_LOAD_COUNT / this.store.[32mpageSize[37m());
          ╵                                                         [32m~~~~~~~~[0m


[31mX [41;31m[[41;97mERROR[41;31m][0m [1mTS2339: Property 'loadedOnce' does not exist on type 'unknown'.[0m [1m[35m[plugin angular-compiler][0m

    src/app/features/catalog/catalog-page.component.ts:941:22:
[37m      941 │       if (!this.store.[32mloadedOnce[37m() || this.store.currentPage() < ...
          ╵                       [32m~~~~~~~~~~[0m


[31mX [41;31m[[41;97mERROR[41;31m][0m [1mTS2339: Property 'currentPage' does not exist on type 'unknown'.[0m [1m[35m[plugin angular-compiler][0m

    src/app/features/catalog/catalog-page.component.ts:941:49:
[37m      941 │ ...e.loadedOnce() || this.store.[32mcurrentPage[37m() < initialPageTarget) {
          ╵                                 [32m~~~~~~~~~~~[0m


[31mX [41;31m[[41;97mERROR[41;31m][0m [1mTS2339: Property 'loadCatalogPages' does not exist on type 'unknown'.[0m [1m[35m[plugin angular-compiler][0m

    src/app/features/catalog/catalog-page.component.ts:942:19:
[37m      942 │         this.store.[32mloadCatalogPages[37m('All Genres', initialPageTarg...
          ╵                    [32m~~~~~~~~~~~~~~~~[0m


[31mX [41;31m[[41;97mERROR[41;31m][0m [1mTS2339: Property 'pageSize' does not exist on type 'unknown'.[0m [1m[35m[plugin angular-compiler][0m

    src/app/features/catalog/catalog-page.component.ts:966:72:
[37m      966 │ ...geTarget = Math.ceil(INITIAL_LOAD_COUNT / this.store.[32mpageSize[37m());
          ╵                                                         [32m~~~~~~~~[0m


[31mX [41;31m[[41;97mERROR[41;31m][0m [1mTS2339: Property 'loadCatalogPages' does not exist on type 'unknown'.[0m [1m[35m[plugin angular-compiler][0m

    src/app/features/catalog/catalog-page.component.ts:967:15:
[37m      967 │     this.store.[32mloadCatalogPages[37m(nextGenre, initialPageTarget, { r...
          ╵                [32m~~~~~~~~~~~~~~~~[0m


[31mX [41;31m[[41;97mERROR[41;31m][0m [1mTS2339: Property 'isLoading' does not exist on type 'unknown'.[0m [1m[35m[plugin angular-compiler][0m

    src/app/features/catalog/catalog-page.component.ts:1051:19:
[37m      1051 │     if (this.store.[32misLoading[37m() || !this.store.hasMoreCatalogPage...
           ╵                    [32m~~~~~~~~~[0m


[31mX [41;31m[[41;97mERROR[41;31m][0m [1mTS2339: Property 'hasMoreCatalogPages' does not exist on type 'unknown'.[0m [1m[35m[plugin angular-compiler][0m

    src/app/features/catalog/catalog-page.component.ts:1051:46:
[37m      1051 │ ... (this.store.isLoading() || !this.store.[32mhasMoreCatalogPages[37m()) {
           ╵                                            [32m~~~~~~~~~~~~~~~~~~~[0m


[31mX [41;31m[[41;97mERROR[41;31m][0m [1mTS2339: Property 'loadCatalogPages' does not exist on type 'unknown'.[0m [1m[35m[plugin angular-compiler][0m

    src/app/features/catalog/catalog-page.component.ts:1062:15:
[37m      1062 │     this.store.[32mloadCatalogPages[37m(this.selectedGenre(), this.store...
           ╵                [32m~~~~~~~~~~~~~~~~[0m


[31mX [41;31m[[41;97mERROR[41;31m][0m [1mTS2339: Property 'currentPage' does not exist on type 'unknown'.[0m [1m[35m[plugin angular-compiler][0m

    src/app/features/catalog/catalog-page.component.ts:1062:65:
[37m      1062 │ ...atalogPages(this.selectedGenre(), this.store.[32mcurrentPage[37m() + 1);
           ╵                                                 [32m~~~~~~~~~~~[0m


[31mX [41;31m[[41;97mERROR[41;31m][0m [1mTS2322: Type 'unknown[]' is not assignable to type 'string[]'.
  Type 'unknown' is not assignable to type 'string'.[0m [1m[35m[plugin angular-compiler][0m

    src/app/features/catalog/catalog-page.component.ts:1074:4:
[37m      1074 │     [32mreturn[37m [
           ╵     [32m~~~~~~[0m


[31mX [41;31m[[41;97mERROR[41;31m][0m [1mTS2339: Property 'mangaLibrary' does not exist on type 'unknown'.[0m [1m[35m[plugin angular-compiler][0m

    src/app/features/catalog/catalog-page.component.ts:1077:11:
[37m      1077 │           .[32mmangaLibrary[37m()
           ╵            [32m~~~~~~~~~~~~[0m


[31mX [41;31m[[41;97mERROR[41;31m][0m [1mTS2339: Property 'localeCompare' does not exist on type 'unknown'.[0m [1m[35m[plugin angular-compiler][0m

    src/app/features/catalog/catalog-page.component.ts:1081:33:
[37m      1081 │     ].sort((left, right) => left.[32mlocaleCompare[37m(right));
           ╵                                  [32m~~~~~~~~~~~~~[0m


[31mX [41;31m[[41;97mERROR[41;31m][0m [1mTS2307: Cannot find module '../../core/manga-store.service' or its corresponding type declarations.[0m [1m[35m[plugin angular-compiler][0m

    src/app/features/dashboard/dashboard-page.component.ts:5:34:
[37m      5 │ import { MangaStoreService } from [32m'../../core/manga-store.service'[37m;
        ╵                                   [32m~~~~~~~~~~~~~~~~~~~~~~~~~~~~~~~~[0m


[31mX [41;31m[[41;97mERROR[41;31m][0m [1mTS2339: Property 'popularNow' does not exist on type 'unknown'.[0m [1m[35m[plugin angular-compiler][0m

    src/app/features/dashboard/dashboard-page.component.ts:592:53:
[37m      592 │ ...computed(() => this.store.[32mpopularNow[37m() ?? this.store.lastManga...
          ╵                              [32m~~~~~~~~~~[0m


[31mX [41;31m[[41;97mERROR[41;31m][0m [1mTS2339: Property 'lastManga' does not exist on type 'unknown'.[0m [1m[35m[plugin angular-compiler][0m

    src/app/features/dashboard/dashboard-page.component.ts:592:80:
[37m      592 │ ...omputed(() => this.store.popularNow() ?? this.store.[32mlastManga[37m());
          ╵                                                        [32m~~~~~~~~~[0m


[31mX [41;31m[[41;97mERROR[41;31m][0m [1mTS2339: Property 'mangaLibrary' does not exist on type 'unknown'.[0m [1m[35m[plugin angular-compiler][0m

    src/app/features/dashboard/dashboard-page.component.ts:593:54:
[37m      593 │ ...ghtShelf = computed(() => this.store.[32mmangaLibrary[37m().slice(0, 9));
          ╵                                         [32m~~~~~~~~~~~~[0m


[31mX [41;31m[[41;97mERROR[41;31m][0m [1mTS2339: Property 'mangaLibrary' does not exist on type 'unknown'.[0m [1m[35m[plugin angular-compiler][0m

    src/app/features/dashboard/dashboard-page.component.ts:595:19:
[37m      595 │     [...this.store.[32mmangaLibrary[37m()]
          ╵                    [32m~~~~~~~~~~~~[0m


[31mX [41;31m[[41;97mERROR[41;31m][0m [1mTS2339: Property 'mangaLibrary' does not exist on type 'unknown'.[0m [1m[35m[plugin angular-compiler][0m

    src/app/features/dashboard/dashboard-page.component.ts:600:19:
[37m      600 │     [...this.store.[32mmangaLibrary[37m()].sort((left, right) => right.po...
          ╵                    [32m~~~~~~~~~~~~[0m


[31mX [41;31m[[41;97mERROR[41;31m][0m [1mTS2339: Property 'mangaLibrary' does not exist on type 'unknown'.[0m [1m[35m[plugin angular-compiler][0m

    src/app/features/dashboard/dashboard-page.component.ts:603:19:
[37m      603 │     [...this.store.[32mmangaLibrary[37m()]
          ╵                    [32m~~~~~~~~~~~~[0m


[31mX [41;31m[[41;97mERROR[41;31m][0m [1mTS2339: Property 'mangaLibrary' does not exist on type 'unknown'.[0m [1m[35m[plugin angular-compiler][0m

    src/app/features/dashboard/dashboard-page.component.ts:608:19:
[37m      608 │     [...this.store.[32mmangaLibrary[37m()].sort((left, right) => right.po...
          ╵                    [32m~~~~~~~~~~~~[0m


[31mX [41;31m[[41;97mERROR[41;31m][0m [1mTS2339: Property 'recommendations' does not exist on type 'unknown'.[0m [1m[35m[plugin angular-compiler][0m

    src/app/features/dashboard/dashboard-page.component.ts:610:55:
[37m      610 │ ...y recommendations = computed(() => this.store.[32mrecommendations[37m());
          ╵                                                  [32m~~~~~~~~~~~~~~~[0m


[31mX [41;31m[[41;97mERROR[41;31m][0m [1mTS2339: Property 'mangaLibrary' does not exist on type 'unknown'.[0m [1m[35m[plugin angular-compiler][0m

    src/app/features/dashboard/dashboard-page.component.ts:614:34:
[37m      614 │     for (const item of this.store.[32mmangaLibrary[37m()) {
          ╵                                   [32m~~~~~~~~~~~~[0m


[31mX [41;31m[[41;97mERROR[41;31m][0m [1mTS2307: Cannot find module '../../core/manga-store.service' or its corresponding type declarations.[0m [1m[35m[plugin angular-compiler][0m

    src/app/features/manga-detail/manga-detail-page.component.ts:5:34:
[37m      5 │ import { MangaStoreService } from [32m'../../core/manga-store.service'[37m;
        ╵                                   [32m~~~~~~~~~~~~~~~~~~~~~~~~~~~~~~~~[0m


[31mX [41;31m[[41;97mERROR[41;31m][0m [1mTS2339: Property 'getMangaById' does not exist on type 'unknown'.[0m [1m[35m[plugin angular-compiler][0m

    src/app/features/manga-detail/manga-detail-page.component.ts:377:45:
[37m      377 │ ...ly manga = computed(() => this.store.[32mgetMangaById[37m(this.mangaId));
          ╵                                         [32m~~~~~~~~~~~~[0m


[31mX [41;31m[[41;97mERROR[41;31m][0m [1mTS2339: Property 'getMangaDetail' does not exist on type 'unknown'.[0m [1m[35m[plugin angular-compiler][0m

    src/app/features/manga-detail/manga-detail-page.component.ts:378:46:
[37m      378 │ ...detail = computed(() => this.store.[32mgetMangaDetail[37m(this.mangaId));
          ╵                                       [32m~~~~~~~~~~~~~~[0m


[31mX [41;31m[[41;97mERROR[41;31m][0m [1mTS2339: Property 'ensureMangaDetail' does not exist on type 'unknown'.[0m [1m[35m[plugin angular-compiler][0m

    src/app/features/manga-detail/manga-detail-page.component.ts:382:15:
[37m      382 │     this.store.[32mensureMangaDetail[37m(this.mangaId);
          ╵                [32m~~~~~~~~~~~~~~~~~[0m


[31mX [41;31m[[41;97mERROR[41;31m][0m [1mTS2339: Property 'toggleFavorite' does not exist on type 'unknown'.[0m [1m[35m[plugin angular-compiler][0m

    src/app/features/manga-detail/manga-detail-page.component.ts:435:31:
[37m      435 │     const updated = this.store.[32mtoggleFavorite[37m(this.mangaId);
          ╵                                [32m~~~~~~~~~~~~~~[0m


[31mX [41;31m[[41;97mERROR[41;31m][0m [1mTS2339: Property 'setUserRating' does not exist on type 'unknown'.[0m [1m[35m[plugin angular-compiler][0m

    src/app/features/manga-detail/manga-detail-page.component.ts:440:31:
[37m      440 │     const updated = this.store.[32msetUserRating[37m(this.mangaId, value);
          ╵                                [32m~~~~~~~~~~~~~[0m


[31mX [41;31m[[41;97mERROR[41;31m][0m [1mTS2307: Cannot find module '../../core/manga-store.service' or its corresponding type declarations.[0m [1m[35m[plugin angular-compiler][0m

    src/app/features/profile/profile-page.component.ts:5:34:
[37m      5 │ import { MangaStoreService } from [32m'../../core/manga-store.service'[37m;
        ╵                                   [32m~~~~~~~~~~~~~~~~~~~~~~~~~~~~~~~~[0m


[31mX [41;31m[[41;97mERROR[41;31m][0m [1mTS2339: Property 'userName' does not exist on type 'unknown'.[0m [1m[35m[plugin angular-compiler][0m

    src/app/features/profile/profile-page.component.ts:19:25:
[37m      19 │             <h1>{{ store.[32muserName[37m() }}</h1>
         ╵                          [32m~~~~~~~~[0m


[31mX [41;31m[[41;97mERROR[41;31m][0m [1mTS2339: Property 'mangaLibrary' does not exist on type 'unknown'.[0m [1m[35m[plugin angular-compiler][0m

    src/app/features/profile/profile-page.component.ts:29:29:
[37m      29 │             <strong>{{ store.[32mmangaLibrary[37m().length }}</strong>
         ╵                              [32m~~~~~~~~~~~~[0m


[31mX [41;31m[[41;97mERROR[41;31m][0m [1mTS2339: Property 'byStatus' does not exist on type 'unknown'.[0m [1m[35m[plugin angular-compiler][0m

    src/app/features/profile/profile-page.component.ts:33:29:
[37m      33 │             <strong>{{ store.[32mbyStatus[37m('Reading').length }}</strong>
         ╵                              [32m~~~~~~~~[0m


[31mX [41;31m[[41;97mERROR[41;31m][0m [1mTS2339: Property 'byStatus' does not exist on type 'unknown'.[0m [1m[35m[plugin angular-compiler][0m

    src/app/features/profile/profile-page.component.ts:37:29:
[37m      37 │             <strong>{{ store.[32mbyStatus[37m('Completed').length }}</strong>
         ╵                              [32m~~~~~~~~[0m


[31mX [41;31m[[41;97mERROR[41;31m][0m [1mTS2339: Property 'favorites' does not exist on type 'unknown'.[0m [1m[35m[plugin angular-compiler][0m

    src/app/features/profile/profile-page.component.ts:41:29:
[37m      41 │             <strong>{{ store.[32mfavorites[37m().length }}</strong>
         ╵                              [32m~~~~~~~~~[0m


[31mX [41;31m[[41;97mERROR[41;31m][0m [1mTS2339: Property 'friends' does not exist on type 'unknown'.[0m [1m[35m[plugin angular-compiler][0m

    src/app/features/profile/profile-page.component.ts:119:36:
[37m      119 │               @for (friend of store.[32mfriends[37m(); track friend.id) {
          ╵                                     [32m~~~~~~~[0m


[31mX [41;31m[[41;97mERROR[41;31m][0m [1mTS2339: Property 'lastManga' does not exist on type 'unknown'.[0m [1m[35m[plugin angular-compiler][0m

    src/app/features/profile/profile-page.component.ts:140:23:
[37m      140 │             @if (store.[32mlastManga[37m(); as activeManga) {
          ╵                        [32m~~~~~~~~~[0m


[31mX [41;31m[[41;97mERROR[41;31m][0m [1mTS2339: Property 'lastManga' does not exist on type 'unknown'.[0m [1m[35m[plugin angular-compiler][0m

    src/app/features/profile/profile-page.component.ts:140:23:
[37m      140 │             @if (store.[32mlastManga[37m(); as activeManga) {
          ╵                        [32m~~~~~~~~~[0m


[31mX [41;31m[[41;97mERROR[41;31m][0m [1mTS2339: Property 'byStatus' does not exist on type 'unknown'.[0m [1m[35m[plugin angular-compiler][0m

    src/app/features/profile/profile-page.component.ts:418:53:
[37m      418 │ ...nga = computed(() => this.store.[32mbyStatus[37m(this.selectedStatus()));
          ╵                                    [32m~~~~~~~~[0m


[31mX [41;31m[[41;97mERROR[41;31m][0m [1mTS2339: Property 'favorites' does not exist on type 'unknown'.[0m [1m[35m[plugin angular-compiler][0m

    src/app/features/profile/profile-page.component.ts:420:53:
[37m      420 │ ...voriteShelf = computed(() => this.store.[32mfavorites[37m().slice(0, 4));
          ╵                                            [32m~~~~~~~~~[0m


[31mX [41;31m[[41;97mERROR[41;31m][0m [1mTS2339: Property 'userName' does not exist on type 'unknown'.[0m [1m[35m[plugin angular-compiler][0m

    src/app/features/profile/profile-page.component.ts:428:7:
[37m      428 │       .[32muserName[37m()
          ╵        [32m~~~~~~~~[0m


[31mX [41;31m[[41;97mERROR[41;31m][0m [1mTS2307: Cannot find module '../../core/manga-store.service' or its corresponding type declarations.[0m [1m[35m[plugin angular-compiler][0m

    src/app/features/shell/shell.component.ts:4:34:
[37m      4 │ import { MangaStoreService } from [32m'../../core/manga-store.service'[37m;
        ╵                                   [32m~~~~~~~~~~~~~~~~~~~~~~~~~~~~~~~~[0m


[31mX [41;31m[[41;97mERROR[41;31m][0m [1mTS2339: Property 'isAuthenticated' does not exist on type 'unknown'.[0m [1m[35m[plugin angular-compiler][0m

    src/app/features/shell/shell.component.ts:37:21:
[37m      37 │           @if (store.[32misAuthenticated[37m()) {
         ╵                      [32m~~~~~~~~~~~~~~~[0m


[31mX [41;31m[[41;97mERROR[41;31m][0m [1mTS2339: Property 'isLoading' does not exist on type 'unknown'.[0m [1m[35m[plugin angular-compiler][0m

    src/app/features/shell/shell.component.ts:46:17:
[37m      46 │       @if (store.[32misLoading[37m()) {
         ╵                  [32m~~~~~~~~~[0m


[31mX [41;31m[[41;97mERROR[41;31m][0m [1mTS2339: Property 'errorMessage' does not exist on type 'unknown'.[0m [1m[35m[plugin angular-compiler][0m

    src/app/features/shell/shell.component.ts:50:17:
[37m      50 │       @if (store.[32merrorMessage[37m()) {
         ╵                  [32m~~~~~~~~~~~~[0m


[31mX [41;31m[[41;97mERROR[41;31m][0m [1mTS2339: Property 'ensureCatalogLoaded' does not exist on type 'unknown'.[0m [1m[35m[plugin angular-compiler][0m

    src/app/features/shell/shell.component.ts:308:15:
[37m      308 │     this.store.[32mensureCatalogLoaded[37m();
          ╵                [32m~~~~~~~~~~~~~~~~~~~[0m


[31mX [41;31m[[41;97mERROR[41;31m][0m [1mTS2339: Property 'logout' does not exist on type 'unknown'.[0m [1m[35m[plugin angular-compiler][0m

    src/app/features/shell/shell.component.ts:323:15:
[37m      323 │     this.store.[32mlogout[37m();
          ╵                [32m~~~~~~[0m


[31mX [41;31m[[41;97mERROR[41;31m][0m [1mCould not resolve "./manga-store.service"[0m

    src/app/core/auth.guard.ts:3:34:
[37m      3 │ import { MangaStoreService } from [32m'./manga-store.service'[37m;
        ╵                                   [32m~~~~~~~~~~~~~~~~~~~~~~~[0m


[31mX [41;31m[[41;97mERROR[41;31m][0m [1mCould not resolve "../../core/manga-store.service"[0m

    src/app/features/auth/login-page.component.ts:4:34:
[37m      4 │ import { MangaStoreService } from [32m'../../core/manga-store.service'[37m;
        ╵                                   [32m~~~~~~~~~~~~~~~~~~~~~~~~~~~~~~~~[0m


[31mX [41;31m[[41;97mERROR[41;31m][0m [1mCould not resolve "../../core/manga-store.service"[0m

    src/app/features/catalog/catalog-page.component.ts:4:34:
[37m      4 │ import { MangaStoreService } from [32m'../../core/manga-store.service'[37m;
        ╵                                   [32m~~~~~~~~~~~~~~~~~~~~~~~~~~~~~~~~[0m


[31mX [41;31m[[41;97mERROR[41;31m][0m [1mCould not resolve "../../core/manga-store.service"[0m

    src/app/features/dashboard/dashboard-page.component.ts:3:34:
[37m      3 │ import { MangaStoreService } from [32m'../../core/manga-store.service'[37m;
        ╵                                   [32m~~~~~~~~~~~~~~~~~~~~~~~~~~~~~~~~[0m


[31mX [41;31m[[41;97mERROR[41;31m][0m [1mCould not resolve "../../core/manga-store.service"[0m

    src/app/features/manga-detail/manga-detail-page.component.ts:3:34:
[37m      3 │ import { MangaStoreService } from [32m'../../core/manga-store.service'[37m;
        ╵                                   [32m~~~~~~~~~~~~~~~~~~~~~~~~~~~~~~~~[0m


[31mX [41;31m[[41;97mERROR[41;31m][0m [1mCould not resolve "../../core/manga-store.service"[0m

    src/app/features/profile/profile-page.component.ts:3:34:
[37m      3 │ import { MangaStoreService } from [32m'../../core/manga-store.service'[37m;
        ╵                                   [32m~~~~~~~~~~~~~~~~~~~~~~~~~~~~~~~~[0m


[31mX [41;31m[[41;97mERROR[41;31m][0m [1mCould not resolve "../../core/manga-store.service"[0m

    src/app/features/shell/shell.component.ts:3:34:
[37m      3 │ import { MangaStoreService } from [32m'../../core/manga-store.service'[37m;
        ╵                                   [32m~~~~~~~~~~~~~~~~~~~~~~~~~~~~~~~~[0m


[31mX [41;31m[[41;97mERROR[41;31m][0m [1mCould not resolve "./manga-store.service"[0m

    src/app/core/auth.guard.ts:3:34:
[37m      3 │ import { MangaStoreService } from [32m'./manga-store.service'[37m;
        ╵                                   [32m~~~~~~~~~~~~~~~~~~~~~~~[0m


[31mX [41;31m[[41;97mERROR[41;31m][0m [1mCould not resolve "../../core/manga-store.service"[0m

    src/app/features/auth/login-page.component.ts:4:34:
[37m      4 │ import { MangaStoreService } from [32m'../../core/manga-store.service'[37m;
        ╵                                   [32m~~~~~~~~~~~~~~~~~~~~~~~~~~~~~~~~[0m


[31mX [41;31m[[41;97mERROR[41;31m][0m [1mCould not resolve "../../core/manga-store.service"[0m

    src/app/features/catalog/catalog-page.component.ts:4:34:
[37m      4 │ import { MangaStoreService } from [32m'../../core/manga-store.service'[37m;
        ╵                                   [32m~~~~~~~~~~~~~~~~~~~~~~~~~~~~~~~~[0m


[31mX [41;31m[[41;97mERROR[41;31m][0m [1mCould not resolve "../../core/manga-store.service"[0m

    src/app/features/dashboard/dashboard-page.component.ts:3:34:
[37m      3 │ import { MangaStoreService } from [32m'../../core/manga-store.service'[37m;
        ╵                                   [32m~~~~~~~~~~~~~~~~~~~~~~~~~~~~~~~~[0m


[31mX [41;31m[[41;97mERROR[41;31m][0m [1mCould not resolve "../../core/manga-store.service"[0m

    src/app/features/manga-detail/manga-detail-page.component.ts:3:34:
[37m      3 │ import { MangaStoreService } from [32m'../../core/manga-store.service'[37m;
        ╵                                   [32m~~~~~~~~~~~~~~~~~~~~~~~~~~~~~~~~[0m


[31mX [41;31m[[41;97mERROR[41;31m][0m [1mCould not resolve "../../core/manga-store.service"[0m

    src/app/features/profile/profile-page.component.ts:3:34:
[37m      3 │ import { MangaStoreService } from [32m'../../core/manga-store.service'[37m;
        ╵                                   [32m~~~~~~~~~~~~~~~~~~~~~~~~~~~~~~~~[0m


[31mX [41;31m[[41;97mERROR[41;31m][0m [1mCould not resolve "../../core/manga-store.service"[0m

    src/app/features/shell/shell.component.ts:3:34:
[37m      3 │ import { MangaStoreService } from [32m'../../core/manga-store.service'[37m;
        ╵                                   [32m~~~~~~~~~~~~~~~~~~~~~~~~~~~~~~~~[0m

[39m[22m
[1m[31m[31mX [41;31m[[41;97mERROR[41;31m][0m [1mTS2307: Cannot find module './features/catalog/catalog-page.component' or its corresponding type declarations.[0m [1m[35m[plugin angular-compiler][0m

    src/app/app.routes.ts:5:37:
[37m      5 │ ...ogPageComponent } from [32m'./features/catalog/catalog-page.component'[37m;
        ╵                           [32m~~~~~~~~~~~~~~~~~~~~~~~~~~~~~~~~~~~~~~~~~~~[0m


[31mX [41;31m[[41;97mERROR[41;31m][0m [1mCould not resolve "./features/catalog/catalog-page.component"[0m

    src/app/app.routes.ts:3:37:
[37m      3 │ ...ogPageComponent } from [32m'./features/catalog/catalog-page.component'[37m;
        ╵                           [32m~~~~~~~~~~~~~~~~~~~~~~~~~~~~~~~~~~~~~~~~~~~[0m


[31mX [41;31m[[41;97mERROR[41;31m][0m [1mCould not resolve "./features/catalog/catalog-page.component"[0m

    src/app/app.routes.ts:3:37:
[37m      3 │ ...ogPageComponent } from [32m'./features/catalog/catalog-page.component'[37m;
        ╵                           [32m~~~~~~~~~~~~~~~~~~~~~~~~~~~~~~~~~~~~~~~~~~~[0m

[39m[22m
[1m[31m[31mX [41;31m[[41;97mERROR[41;31m][0m [1mTS2307: Cannot find module './features/catalog/catalog-page.component' or its corresponding type declarations.[0m [1m[35m[plugin angular-compiler][0m

    src/app/app.routes.ts:5:37:
[37m      5 │ ...ogPageComponent } from [32m'./features/catalog/catalog-page.component'[37m;
        ╵                           [32m~~~~~~~~~~~~~~~~~~~~~~~~~~~~~~~~~~~~~~~~~~~[0m


[31mX [41;31m[[41;97mERROR[41;31m][0m [1mCould not resolve "./features/catalog/catalog-page.component"[0m

    src/app/app.routes.ts:3:37:
[37m      3 │ ...ogPageComponent } from [32m'./features/catalog/catalog-page.component'[37m;
        ╵                           [32m~~~~~~~~~~~~~~~~~~~~~~~~~~~~~~~~~~~~~~~~~~~[0m


[31mX [41;31m[[41;97mERROR[41;31m][0m [1mCould not resolve "./features/catalog/catalog-page.component"[0m

    src/app/app.routes.ts:3:37:
[37m      3 │ ...ogPageComponent } from [32m'./features/catalog/catalog-page.component'[37m;
        ╵                           [32m~~~~~~~~~~~~~~~~~~~~~~~~~~~~~~~~~~~~~~~~~~~[0m

[39m[22m
[1m[31m[31mX [41;31m[[41;97mERROR[41;31m][0m [1mTS2322: Type 'number' is not assignable to type 'Timeout'.[0m [1m[35m[plugin angular-compiler][0m

    src/app/features/catalog/catalog-page.component.ts:413:4:
[37m      413 │     [32mthis.searchDebounceHandle[37m = window.setTimeout(() => this.relo...
          ╵     [32m~~~~~~~~~~~~~~~~~~~~~~~~~[0m

[39m[22m
